\BOOKMARK [1][-]{section.1}{\376\377\000I\000n\000t\000r\000o\000d\000u\000c\000t\000i\000o\000n}{}% 1
\BOOKMARK [2][-]{subsection.1.1}{\376\377\0001\000.\0001\000\040\000M\000o\000t\000i\000v\000a\000t\000i\000o\000n}{section.1}% 2
\BOOKMARK [2][-]{subsection.1.2}{\376\377\0001\000.\0002\000\040\000S\000c\000o\000p\000e\000\040\000a\000n\000d\000\040\000h\000o\000n\000e\000s\000t\000\040\000f\000r\000a\000m\000i\000n\000g}{section.1}% 3
\BOOKMARK [1][-]{section.2}{\376\377\000A\000r\000c\000h\000i\000t\000e\000c\000t\000u\000r\000e}{}% 4
\BOOKMARK [2][-]{subsection.2.1}{\376\377\0002\000.\0001\000\040\000T\000h\000e\000\040\000b\000o\000d\000y}{section.2}% 5
\BOOKMARK [2][-]{subsection.2.2}{\376\377\0002\000.\0002\000\040\000S\000t\000a\000t\000e\000\040\000v\000a\000r\000i\000a\000b\000l\000e\000s}{section.2}% 6
\BOOKMARK [2][-]{subsection.2.3}{\376\377\0002\000.\0003\000\040\000L\000o\000c\000a\000l\000\040\000c\000e\000l\000l\000\040\000d\000y\000n\000a\000m\000i\000c\000s}{section.2}% 7
\BOOKMARK [2][-]{subsection.2.4}{\376\377\0002\000.\0004\000\040\000M\000e\000t\000a\000b\000o\000l\000i\000s\000m}{section.2}% 8
\BOOKMARK [2][-]{subsection.2.5}{\376\377\0002\000.\0005\000\040\000C\000o\000n\000d\000u\000c\000t\000a\000n\000c\000e\000\040\000a\000n\000d\000\040\000c\000o\000m\000m\000u\000n\000i\000c\000a\000t\000i\000o\000n}{section.2}% 9
\BOOKMARK [2][-]{subsection.2.6}{\376\377\0002\000.\0006\000\040\000S\000e\000t\000p\000o\000i\000n\000t\000\040\000m\000e\000m\000o\000r\000y\000\040\000\050\000Z\000-\000f\000i\000e\000l\000d\000\051}{section.2}% 10
\BOOKMARK [2][-]{subsection.2.7}{\376\377\0002\000.\0007\000\040\000R\000e\000p\000a\000i\000r}{section.2}% 11
\BOOKMARK [2][-]{subsection.2.8}{\376\377\0002\000.\0008\000\040\000G\000r\000o\000w\000t\000h\000\040\000c\000o\000n\000t\000r\000o\000l}{section.2}% 12
\BOOKMARK [2][-]{subsection.2.9}{\376\377\0002\000.\0009\000\040\000P\000o\000r\000t\000s}{section.2}% 13
\BOOKMARK [1][-]{section.3}{\376\377\000E\000x\000p\000e\000r\000i\000m\000e\000n\000t\000a\000l\000\040\000M\000e\000t\000h\000o\000d\000o\000l\000o\000g\000y}{}% 14
\BOOKMARK [2][-]{subsection.3.1}{\376\377\0003\000.\0001\000\040\000A\000s\000s\000a\000y\000-\000g\000a\000t\000e\000d\000\040\000p\000r\000o\000g\000r\000e\000s\000s\000i\000o\000n}{section.3}% 15
\BOOKMARK [2][-]{subsection.3.2}{\376\377\0003\000.\0002\000\040\000E\000v\000i\000d\000e\000n\000c\000e\000\040\000s\000t\000a\000n\000d\000a\000r\000d\000s}{section.3}% 16
\BOOKMARK [2][-]{subsection.3.3}{\376\377\0003\000.\0003\000\040\000S\000e\000e\000d\000\040\000r\000o\000b\000u\000s\000t\000n\000e\000s\000s}{section.3}% 17
\BOOKMARK [1][-]{section.4}{\376\377\000R\000e\000s\000u\000l\000t\000s}{}% 18
\BOOKMARK [2][-]{subsection.4.1}{\376\377\0004\000.\0001\000\040\000L\000e\000s\000i\000o\000n\000\040\000r\000e\000c\000o\000v\000e\000r\000y}{section.4}% 19
\BOOKMARK [2][-]{subsection.4.2}{\376\377\0004\000.\0002\000\040\000C\000o\000m\000p\000e\000t\000e\000n\000c\000e\000\040\000p\000r\000e\000s\000e\000r\000v\000a\000t\000i\000o\000n\000\040\000a\000f\000t\000e\000r\000\040\000i\000n\000j\000u\000r\000y}{section.4}% 20
\BOOKMARK [2][-]{subsection.4.3}{\376\377\0004\000.\0003\000\040\000S\000e\000t\000p\000o\000i\000n\000t\000\040\000m\000e\000m\000o\000r\000y\000\040\000a\000n\000d\000\040\000c\000r\000y\000p\000t\000i\000c\000\040\000r\000e\000w\000r\000i\000t\000e}{section.4}% 21
\BOOKMARK [2][-]{subsection.4.4}{\376\377\0004\000.\0004\000\040\000P\000e\000r\000t\000u\000r\000b\000a\000t\000i\000o\000n\000\040\000p\000r\000o\000p\000a\000g\000a\000t\000i\000o\000n\000\040\000\050\000l\000i\000g\000h\000t\000\040\000c\000o\000n\000e\000\051}{section.4}% 22
\BOOKMARK [2][-]{subsection.4.5}{\376\377\0004\000.\0005\000\040\000S\000e\000l\000e\000c\000t\000i\000v\000e\000\040\000g\000r\000o\000w\000t\000h}{section.4}% 23
\BOOKMARK [2][-]{subsection.4.6}{\376\377\0004\000.\0006\000\040\000B\000o\000u\000n\000d\000a\000r\000y\000-\000l\000o\000c\000a\000l\000\040\000a\000d\000a\000p\000t\000a\000t\000i\000o\000n\000\040\000\050\000p\000o\000r\000t\000\040\000r\000e\000m\000a\000p\000\051}{section.4}% 24
\BOOKMARK [2][-]{subsection.4.7}{\376\377\0004\000.\0007\000\040\000B\000e\000n\000c\000h\000m\000a\000r\000k\000\040\000b\000r\000i\000d\000g\000e\000s}{section.4}% 25
\BOOKMARK [3][-]{subsubsection.4.7.1}{\376\377\000V\000i\000s\000u\000a\000l\000\040\000c\000o\000n\000t\000i\000n\000u\000a\000l\000\040\000l\000e\000a\000r\000n\000i\000n\000g\000\040\000\050\000S\000t\000a\000c\000k\000\040\000C\000\051}{subsection.4.7}% 26
\BOOKMARK [3][-]{subsubsection.4.7.2}{\376\377\000N\000o\000n\000-\000v\000i\000s\000u\000a\000l\000\040\000c\000o\000n\000t\000r\000o\000l\000\040\000a\000n\000d\000\040\000s\000y\000m\000b\000o\000l\000i\000c\000\040\000t\000a\000s\000k\000s\000\040\000\050\000S\000t\000a\000c\000k\000\040\000D\000\051}{subsection.4.7}% 27
\BOOKMARK [3][-]{subsubsection.4.7.3}{\376\377\000L\000e\000s\000i\000o\000n\000-\000a\000w\000a\000r\000e\000\040\000t\000a\000s\000k\000\040\000b\000r\000i\000d\000g\000e\000s}{subsection.4.7}% 28
\BOOKMARK [2][-]{subsection.4.8}{\376\377\0004\000.\0008\000\040\000O\000r\000g\000a\000n\000i\000s\000m\000\040\000v\000s\000.\000\040\000b\000a\000s\000e\000l\000i\000n\000e\000\040\000c\000o\000m\000p\000a\000r\000i\000s\000o\000n}{section.4}% 29
\BOOKMARK [1][-]{section.5}{\376\377\000F\000r\000o\000n\000t\000i\000e\000r\000\040\000m\000e\000c\000h\000a\000n\000i\000s\000m\000s\000\040\000\050\000e\000x\000p\000l\000o\000r\000a\000t\000o\000r\000y\000\051}{}% 30
\BOOKMARK [1][-]{section.6}{\376\377\000L\000i\000m\000i\000t\000a\000t\000i\000o\000n\000s}{}% 31
\BOOKMARK [1][-]{section.7}{\376\377\000D\000i\000s\000c\000u\000s\000s\000i\000o\000n}{}% 32
\BOOKMARK [2][-]{subsection.7.1}{\376\377\0007\000.\0001\000\040\000W\000h\000a\000t\000\040\000t\000h\000i\000s\000\040\000d\000e\000m\000o\000n\000s\000t\000r\000a\000t\000e\000s}{section.7}% 33
\BOOKMARK [2][-]{subsection.7.2}{\376\377\0007\000.\0002\000\040\000R\000e\000l\000a\000t\000i\000o\000n\000s\000h\000i\000p\000\040\000t\000o\000\040\000L\000e\000v\000i\000n\000'\000s\000\040\000f\000r\000a\000m\000e\000w\000o\000r\000k}{section.7}% 34
\BOOKMARK [2][-]{subsection.7.3}{\376\377\0007\000.\0003\000\040\000W\000h\000a\000t\000\040\000t\000h\000i\000s\000\040\000d\000o\000e\000s\000\040\000n\000o\000t\000\040\000d\000e\000m\000o\000n\000s\000t\000r\000a\000t\000e}{section.7}% 35
\BOOKMARK [1][-]{section.8}{\376\377\000F\000u\000t\000u\000r\000e\000\040\000D\000i\000r\000e\000c\000t\000i\000o\000n\000s\000\040\000\050\000v\0001\000.\0004\000\051}{}% 36
\BOOKMARK [1][-]{section.9}{\376\377\000A\000v\000a\000i\000l\000a\000b\000i\000l\000i\000t\000y}{}% 37
\BOOKMARK [1][-]{section.10}{\376\377\000R\000e\000f\000e\000r\000e\000n\000c\000e\000s}{}% 38
